
PACIENTE -- 5503525

NRO PRESCRIPCIÓN -- 20190728141013427896

PACIENTE -- 1072497746

NRO PRESCRIPCIÓN -- 20190724103013367610
Select Id_Departamento FROM Municipio WHERE Codigo='25743'encuentra todos los parametros 

entra a crear materiales el tecnologias asociadas  
19986223

Producto no registrado 19986223


PACIENTE -- 28952163

NRO PRESCRIPCIÓN -- 20190704151012944094

PACIENTE -- 11380814

NRO PRESCRIPCIÓN -- 20190704148012958687
Select Id_Departamento FROM Municipio WHERE Codigo='25290'encuentra todos los parametros 

entra a crear materiales el tecnologias asociadas  
4

Producto no registrado 04


PACIENTE -- 4066101

NRO PRESCRIPCIÓN -- 20190728131013426300

PACIENTE -- 7250682

NRO PRESCRIPCIÓN -- 20190724150013364008

PACIENTE -- 41525526

NRO PRESCRIPCIÓN -- 20190724153013355443

PACIENTE -- 1092859014

NRO PRESCRIPCIÓN -- 20190724183013348333

PACIENTE -- 20599824

NRO PRESCRIPCIÓN -- 20190704177012953507

PACIENTE -- 20599824

NRO PRESCRIPCIÓN -- 20190704177012953507
Select Id_Departamento FROM Municipio WHERE Codigo='25307'encuentra todos los parametros 

1-

Producto no registrado 1


PACIENTE -- 41439947

NRO PRESCRIPCIÓN -- 20190724167013348567

PACIENTE -- 4171298

NRO PRESCRIPCIÓN -- 20190625165012786741

PACIENTE -- 79112011

NRO PRESCRIPCIÓN -- 20190704143012948376
Select Id_Departamento FROM Municipio WHERE Codigo='25290'encuentra todos los parametros 

entra a crear materiales el tecnologias asociadas  
10

Producto no registrado 10


PACIENTE -- 24337235

NRO PRESCRIPCIÓN -- 20190711178013101946

PACIENTE -- 20472942

NRO PRESCRIPCIÓN -- 20190704141012959269

PACIENTE -- 37195400

NRO PRESCRIPCIÓN -- 20190722111013308167

PACIENTE -- 37225082

NRO PRESCRIPCIÓN -- 20190722175013304479

PACIENTE -- 27604419

NRO PRESCRIPCIÓN -- 20190716135013180806

PACIENTE -- 20472942

NRO PRESCRIPCIÓN -- 20190704141012959269

PACIENTE -- 1091365233

NRO PRESCRIPCIÓN -- 20190727197013418790

PACIENTE -- 5503525

NRO PRESCRIPCIÓN -- 20190728125013427875
Select Id_Departamento FROM Municipio WHERE Codigo='54001'encuentra todos los parametros 

entra a crear materiales el tecnologias asociadas  
4

Producto no registrado 04


PACIENTE -- 1091365233

NRO PRESCRIPCIÓN -- 20190727197013418790

PACIENTE -- 4465173

NRO PRESCRIPCIÓN -- 20190329162011134020
Select Id_Departamento FROM Municipio WHERE Codigo='63001'encuentra todos los parametros 

entra a crear materiales el tecnologias asociadas  
20104737

Producto no registrado 20104737


PACIENTE -- 1091365233

NRO PRESCRIPCIÓN -- 20190727197013418790

PACIENTE -- 2068516

NRO PRESCRIPCIÓN -- 20190728172013427928
Select Id_Departamento FROM Municipio WHERE Codigo='54001'encuentra todos los parametros 

entra a crear materiales el tecnologias asociadas  
4

Producto no registrado 04


PACIENTE -- 11378227

NRO PRESCRIPCIÓN -- 20190704186012957261
Select Id_Departamento FROM Municipio WHERE Codigo='25290'encuentra todos los parametros 

entra a crear materiales el tecnologias asociadas  
4

Producto no registrado 04


PACIENTE -- 27670845

NRO PRESCRIPCIÓN -- 20190704183012962816
Select Id_Departamento FROM Municipio WHERE Codigo='54223'encuentra todos los parametros 

entra a crear materiales el tecnologias asociadas  
4

Producto no registrado 04


PACIENTE -- 27556159

NRO PRESCRIPCIÓN -- 20190704186012959945
Select Id_Departamento FROM Municipio WHERE Codigo='54001'encuentra todos los parametros 

entra a crear materiales el tecnologias asociadas  
4

Producto no registrado 04


PACIENTE -- 27612187

NRO PRESCRIPCIÓN -- 20190704180012961199
Select Id_Departamento FROM Municipio WHERE Codigo='54001'encuentra todos los parametros 

entra a crear materiales el tecnologias asociadas  
4

Producto no registrado 04


PACIENTE -- 13349303

NRO PRESCRIPCIÓN -- 20190704171012954582

PACIENTE -- 27622099

NRO PRESCRIPCIÓN -- 20190704168012957669
Select Id_Departamento FROM Municipio WHERE Codigo='54001'encuentra todos los parametros 

entra a crear materiales el tecnologias asociadas  
4

Producto no registrado 04


PACIENTE -- 27891215

NRO PRESCRIPCIÓN -- 20190704187012961316
Select Id_Departamento FROM Municipio WHERE Codigo='54001'encuentra todos los parametros 

entra a crear materiales el tecnologias asociadas  
4

Producto no registrado 04


PACIENTE -- 37235001

NRO PRESCRIPCIÓN -- 20190704192012942472
Select Id_Departamento FROM Municipio WHERE Codigo='54001'encuentra todos los parametros 

entra a crear materiales el tecnologias asociadas  
4

Producto no registrado 04


PACIENTE -- 7511673

NRO PRESCRIPCIÓN -- 20190704143012957116

PACIENTE -- 24802403

NRO PRESCRIPCIÓN -- 20190704140012946789

PACIENTE -- 2460678

NRO PRESCRIPCIÓN -- 20190704140012944345

PACIENTE -- 13244536

NRO PRESCRIPCIÓN -- 20190704193012961608
Select Id_Departamento FROM Municipio WHERE Codigo='54001'encuentra todos los parametros 

entra a crear materiales el tecnologias asociadas  
4

Producto no registrado 04


PACIENTE -- 13214032

NRO PRESCRIPCIÓN -- 20190704155012960964
Select Id_Departamento FROM Municipio WHERE Codigo='54001'encuentra todos los parametros 

2-

Producto no registrado 2


PACIENTE -- 21545116

NRO PRESCRIPCIÓN -- 20190704151012961715
Select Id_Departamento FROM Municipio WHERE Codigo='54001'encuentra todos los parametros 

entra a crear materiales el tecnologias asociadas  
4

Producto no registrado 04


PACIENTE -- 28228459

NRO PRESCRIPCIÓN -- 20190704122012939750

PACIENTE -- 20310221

NRO PRESCRIPCIÓN -- 20190704110012961095
Select Id_Departamento FROM Municipio WHERE Codigo='54001'encuentra todos los parametros 

entra a crear materiales el tecnologias asociadas  
4

Producto no registrado 04


PACIENTE -- 27622099

NRO PRESCRIPCIÓN -- 20190704120012958588
Select Id_Departamento FROM Municipio WHERE Codigo='54001'encuentra todos los parametros 

entra a crear materiales el tecnologias asociadas  
4

Producto no registrado 04


PACIENTE -- 60287353

NRO PRESCRIPCIÓN -- 20190704103012959384
Select Id_Departamento FROM Municipio WHERE Codigo='54001'encuentra todos los parametros 

entra a crear materiales el tecnologias asociadas  
4

Producto no registrado 04


PACIENTE -- 28055831

NRO PRESCRIPCIÓN -- 20190704129012961932
Select Id_Departamento FROM Municipio WHERE Codigo='54001'encuentra todos los parametros 

entra a crear materiales el tecnologias asociadas  
4

Producto no registrado 04


PACIENTE -- 1093412992

NRO PRESCRIPCIÓN -- 20190704131012962823
Select Id_Departamento FROM Municipio WHERE Codigo='54223'encuentra todos los parametros 

entra a crear materiales el tecnologias asociadas  
4

Producto no registrado 04


PACIENTE -- 37331672

NRO PRESCRIPCIÓN -- 20190704150012962532
Select Id_Departamento FROM Municipio WHERE Codigo='54498'encuentra todos los parametros 

entra a crear materiales el tecnologias asociadas  
4

Producto no registrado 04


PACIENTE -- 13473095

NRO PRESCRIPCIÓN -- 20190704142012960758
Select Id_Departamento FROM Municipio WHERE Codigo='54001'encuentra todos los parametros 

entra a crear materiales el tecnologias asociadas  
4

Producto no registrado 04


PACIENTE -- 1091052472

NRO PRESCRIPCIÓN -- 20190704141012960373
Select Id_Departamento FROM Municipio WHERE Codigo='54001'encuentra todos los parametros 

entra a crear materiales el tecnologias asociadas  
4

Producto no registrado 04


PACIENTE -- 13229059

NRO PRESCRIPCIÓN -- 20190704138012961437
Select Id_Departamento FROM Municipio WHERE Codigo='54001'encuentra todos los parametros 

entra a crear materiales el tecnologias asociadas  
4

Producto no registrado 04


PACIENTE -- 30317999

NRO PRESCRIPCIÓN -- 20190705169012983179

PACIENTE -- 1091365233

NRO PRESCRIPCIÓN -- 20190727197013418790

PACIENTE -- 1053342718

NRO PRESCRIPCIÓN -- 20190716132013181373

PACIENTE -- 24293162

NRO PRESCRIPCIÓN -- 20190715148013165853

PACIENTE -- 27799899

NRO PRESCRIPCIÓN -- 20190708181013021842

PACIENTE -- 1092337579

NRO PRESCRIPCIÓN -- 20190727173013419890
Select Id_Departamento FROM Municipio WHERE Codigo='54001'encuentra todos los parametros 

entra a crear materiales el tecnologias asociadas  
4

Producto no registrado 04


PACIENTE -- 33702078

NRO PRESCRIPCIÓN -- 20190721164013282694
Select Id_Departamento FROM Municipio WHERE Codigo='15176'No encuentra alguno de los parametros 


PACIENTE -- 1090523465

NRO PRESCRIPCIÓN -- 20190727134013419784
Select Id_Departamento FROM Municipio WHERE Codigo='54001'encuentra todos los parametros 

entra a crear materiales el tecnologias asociadas  
4

Producto no registrado 04


PACIENTE -- 1971162

NRO PRESCRIPCIÓN -- 20190727166013423698

PACIENTE -- 1092337579

NRO PRESCRIPCIÓN -- 20190727166013420016

PACIENTE -- 6264104

NRO PRESCRIPCIÓN -- 20190722188013306846

PACIENTE -- 38873229

NRO PRESCRIPCIÓN -- 20190718125013241040

PACIENTE -- 1030041312

NRO PRESCRIPCIÓN -- 20190727139013423836

PACIENTE -- 30273248

NRO PRESCRIPCIÓN -- 20190717129013210852

PACIENTE -- 27799899

NRO PRESCRIPCIÓN -- 20190708181013021842

PACIENTE -- 14206253

NRO PRESCRIPCIÓN -- 20190716153013190645

PACIENTE -- 27804398

NRO PRESCRIPCIÓN -- 20190726150013414748

PACIENTE -- 24308491

NRO PRESCRIPCIÓN -- 20190711170013090353

PACIENTE -- 30286071

NRO PRESCRIPCIÓN -- 20190712145013111950

PACIENTE -- 1314741

NRO PRESCRIPCIÓN -- 20190410176011347575
Select Id_Departamento FROM Municipio WHERE Codigo='63001'encuentra todos los parametros 

entra a crear materiales el tecnologias asociadas  
20104737

Producto no registrado 20104737


PACIENTE -- 28952163

NRO PRESCRIPCIÓN -- 20190704151012944094

PACIENTE -- 24308491

NRO PRESCRIPCIÓN -- 20190711170013090353

PACIENTE -- 2460678

NRO PRESCRIPCIÓN -- 20190704140012944345

PACIENTE -- 37235001

NRO PRESCRIPCIÓN -- 20190704192012942472
Select Id_Departamento FROM Municipio WHERE Codigo='54001'encuentra todos los parametros 

entra a crear materiales el tecnologias asociadas  
4

Producto no registrado 04


PACIENTE -- 24802403

NRO PRESCRIPCIÓN -- 20190704140012946789

PACIENTE -- 30273248

NRO PRESCRIPCIÓN -- 20190717129013210852
Select Id_Departamento FROM Municipio WHERE Codigo='17001'encuentra todos los parametros 

1-

Producto no registrado 1


PACIENTE -- 4066101

NRO PRESCRIPCIÓN -- 20190728131013426300

PACIENTE -- 6264104

NRO PRESCRIPCIÓN -- 20190722188013306846

PACIENTE -- 5503525

NRO PRESCRIPCIÓN -- 20190728125013427875
Select Id_Departamento FROM Municipio WHERE Codigo='54001'encuentra todos los parametros 

entra a crear materiales el tecnologias asociadas  
4

Producto no registrado 04


PACIENTE -- 7511673

NRO PRESCRIPCIÓN -- 20190704143012957116

PACIENTE -- 4171298

NRO PRESCRIPCIÓN -- 20190625165012786741
Select Id_Departamento FROM Municipio WHERE Codigo='15469'encuentra todos los parametros 

2-

Producto no registrado 2


PACIENTE -- 41439947

NRO PRESCRIPCIÓN -- 20190724167013348567

PACIENTE -- 38873229

NRO PRESCRIPCIÓN -- 20190718125013241040

PACIENTE -- 20599824

NRO PRESCRIPCIÓN -- 20190704177012953507
Select Id_Departamento FROM Municipio WHERE Codigo='25307'encuentra todos los parametros 

2-

Producto no registrado 2


PACIENTE -- 28228459

NRO PRESCRIPCIÓN -- 20190704122012939750

PACIENTE -- 1092337579

NRO PRESCRIPCIÓN -- 20190727166013420016

PACIENTE -- 1053342718

NRO PRESCRIPCIÓN -- 20190716132013181373

PACIENTE -- 27799899

NRO PRESCRIPCIÓN -- 20190708181013021842

PACIENTE -- 33702078

NRO PRESCRIPCIÓN -- 20190721164013282694
Select Id_Departamento FROM Municipio WHERE Codigo='15176'No encuentra alguno de los parametros 


PACIENTE -- 27804398

NRO PRESCRIPCIÓN -- 20190726150013414748

PACIENTE -- 14206253

NRO PRESCRIPCIÓN -- 20190716153013190645

PACIENTE -- 1092859014

NRO PRESCRIPCIÓN -- 20190724183013348333

PACIENTE -- 1092859014

NRO PRESCRIPCIÓN -- 20190724183013348333

PACIENTE -- 13214032

NRO PRESCRIPCIÓN -- 20190704155012960964
Select Id_Departamento FROM Municipio WHERE Codigo='54001'encuentra todos los parametros 

2-

Producto no registrado 2


PACIENTE -- 24293162

NRO PRESCRIPCIÓN -- 20190715148013165853

PACIENTE -- 21198511

NRO PRESCRIPCIÓN -- 20190726141013409584

El paciente 21198511 no está creado en sigespro.

PACIENTE -- 11378227

NRO PRESCRIPCIÓN -- 20190704186012957261
Select Id_Departamento FROM Municipio WHERE Codigo='25290'encuentra todos los parametros 

entra a crear materiales el tecnologias asociadas  
4

Producto no registrado 04


PACIENTE -- 1090523465

NRO PRESCRIPCIÓN -- 20190727134013419784
Select Id_Departamento FROM Municipio WHERE Codigo='54001'encuentra todos los parametros 

entra a crear materiales el tecnologias asociadas  
4

Producto no registrado 04


PACIENTE -- 11380814

NRO PRESCRIPCIÓN -- 20190704148012958687
Select Id_Departamento FROM Municipio WHERE Codigo='25290'encuentra todos los parametros 

entra a crear materiales el tecnologias asociadas  
4

Producto no registrado 04


PACIENTE -- 24337235

NRO PRESCRIPCIÓN -- 20190711178013101946

PACIENTE -- 37195400

NRO PRESCRIPCIÓN -- 20190722111013308167

PACIENTE -- 1091365233

NRO PRESCRIPCIÓN -- 20190727197013418790

PACIENTE -- 37225082

NRO PRESCRIPCIÓN -- 20190722175013304479

PACIENTE -- 1091365233

NRO PRESCRIPCIÓN -- 20190727197013418790

PACIENTE -- 20472942

NRO PRESCRIPCIÓN -- 20190704141012959269

PACIENTE -- 1091365233

NRO PRESCRIPCIÓN -- 20190727197013418790

PACIENTE -- 1971162

NRO PRESCRIPCIÓN -- 20190727166013423698

PACIENTE -- 20472942

NRO PRESCRIPCIÓN -- 20190704141012959269

PACIENTE -- 27604419

NRO PRESCRIPCIÓN -- 20190716135013180806

PACIENTE -- 1092337579

NRO PRESCRIPCIÓN -- 20190727173013419890
Select Id_Departamento FROM Municipio WHERE Codigo='54001'encuentra todos los parametros 

entra a crear materiales el tecnologias asociadas  
4

Producto no registrado 04


PACIENTE -- 1091365233

NRO PRESCRIPCIÓN -- 20190727197013418790

PACIENTE -- 30286071

NRO PRESCRIPCIÓN -- 20190712145013111950

PACIENTE -- 30317999

NRO PRESCRIPCIÓN -- 20190705169012983179

PACIENTE -- 30317999

NRO PRESCRIPCIÓN -- 20190705169012983179

PACIENTE -- 1053342718

NRO PRESCRIPCIÓN -- 20190716132013181373

PACIENTE -- 28228459

NRO PRESCRIPCIÓN -- 20190704122012939750

PACIENTE -- 1091365233

NRO PRESCRIPCIÓN -- 20190727197013418790

PACIENTE -- 20472942

NRO PRESCRIPCIÓN -- 20190704141012959269

PACIENTE -- 7511673

NRO PRESCRIPCIÓN -- 20190704143012957116

PACIENTE -- 1971162

NRO PRESCRIPCIÓN -- 20190727166013423698

PACIENTE -- 11378227

NRO PRESCRIPCIÓN -- 20190704186012957261
Select Id_Departamento FROM Municipio WHERE Codigo='25290'encuentra todos los parametros 

entra a crear materiales el tecnologias asociadas  
4

Producto no registrado 04


PACIENTE -- 24337235

NRO PRESCRIPCIÓN -- 20190711178013101946

PACIENTE -- 24802403

NRO PRESCRIPCIÓN -- 20190704140012946789

PACIENTE -- 24308491

NRO PRESCRIPCIÓN -- 20190711170013090353

PACIENTE -- 27804398

NRO PRESCRIPCIÓN -- 20190726150013414748

PACIENTE -- 37235001

NRO PRESCRIPCIÓN -- 20190704192012942472
Select Id_Departamento FROM Municipio WHERE Codigo='54001'encuentra todos los parametros 

entra a crear materiales el tecnologias asociadas  
4

Producto no registrado 04


PACIENTE -- 1092337579

NRO PRESCRIPCIÓN -- 20190727173013419890
Select Id_Departamento FROM Municipio WHERE Codigo='54001'encuentra todos los parametros 

entra a crear materiales el tecnologias asociadas  
4

Producto no registrado 04


PACIENTE -- 37225082

NRO PRESCRIPCIÓN -- 20190722175013304479

PACIENTE -- 1091365233

NRO PRESCRIPCIÓN -- 20190727197013418790

PACIENTE -- 33702078

NRO PRESCRIPCIÓN -- 20190721164013282694
Select Id_Departamento FROM Municipio WHERE Codigo='15176'No encuentra alguno de los parametros 


PACIENTE -- 37195400

NRO PRESCRIPCIÓN -- 20190722111013308167

PACIENTE -- 2460678

NRO PRESCRIPCIÓN -- 20190704140012944345

PACIENTE -- 13214032

NRO PRESCRIPCIÓN -- 20190704155012960964
Select Id_Departamento FROM Municipio WHERE Codigo='54001'encuentra todos los parametros 

2-

Producto no registrado 2


PACIENTE -- 27604419

NRO PRESCRIPCIÓN -- 20190716135013180806

PACIENTE -- 1092859014

NRO PRESCRIPCIÓN -- 20190724183013348333

PACIENTE -- 24293162

NRO PRESCRIPCIÓN -- 20190715148013165853

PACIENTE -- 11380814

NRO PRESCRIPCIÓN -- 20190704148012958687
Select Id_Departamento FROM Municipio WHERE Codigo='25290'encuentra todos los parametros 

entra a crear materiales el tecnologias asociadas  
4

Producto no registrado 04


PACIENTE -- 1092337579

NRO PRESCRIPCIÓN -- 20190727166013420016

PACIENTE -- 28952163

NRO PRESCRIPCIÓN -- 20190704151012944094

PACIENTE -- 38873229

NRO PRESCRIPCIÓN -- 20190718125013241040

PACIENTE -- 4066101

NRO PRESCRIPCIÓN -- 20190728131013426300

PACIENTE -- 6264104

NRO PRESCRIPCIÓN -- 20190722188013306846

PACIENTE -- 5503525

NRO PRESCRIPCIÓN -- 20190728125013427875
Select Id_Departamento FROM Municipio WHERE Codigo='54001'encuentra todos los parametros 

entra a crear materiales el tecnologias asociadas  
4

Producto no registrado 04


PACIENTE -- 4171298

NRO PRESCRIPCIÓN -- 20190625165012786741
Select Id_Departamento FROM Municipio WHERE Codigo='15469'encuentra todos los parametros 

2-

Producto no registrado 2


PACIENTE -- 1091365233

NRO PRESCRIPCIÓN -- 20190727197013418790

PACIENTE -- 1091365233

NRO PRESCRIPCIÓN -- 20190727197013418790

PACIENTE -- 30286071

NRO PRESCRIPCIÓN -- 20190712145013111950

PACIENTE -- 41439947

NRO PRESCRIPCIÓN -- 20190724167013348567

PACIENTE -- 20599824

NRO PRESCRIPCIÓN -- 20190704177012953507
Select Id_Departamento FROM Municipio WHERE Codigo='25307'encuentra todos los parametros 

2-

Producto no registrado 2


PACIENTE -- 1090523465

NRO PRESCRIPCIÓN -- 20190727134013419784
Select Id_Departamento FROM Municipio WHERE Codigo='54001'encuentra todos los parametros 

entra a crear materiales el tecnologias asociadas  
4

Producto no registrado 04


PACIENTE -- 1092859014

NRO PRESCRIPCIÓN -- 20190724183013348333

PACIENTE -- 1091365233

NRO PRESCRIPCIÓN -- 20190727197013418790

PACIENTE -- 27804398

NRO PRESCRIPCIÓN -- 20190726150013414748

PACIENTE -- 1091365233

NRO PRESCRIPCIÓN -- 20190727197013418790

PACIENTE -- 30317999

NRO PRESCRIPCIÓN -- 20190705169012983179

PACIENTE -- 4171298

NRO PRESCRIPCIÓN -- 20190625165012786741
Select Id_Departamento FROM Municipio WHERE Codigo='15469'encuentra todos los parametros 

2-

Producto no registrado 2


PACIENTE -- 24308491

NRO PRESCRIPCIÓN -- 20190711170013090353

PACIENTE -- 24337235

NRO PRESCRIPCIÓN -- 20190711178013101946

PACIENTE -- 1091365233

NRO PRESCRIPCIÓN -- 20190727197013418790

PACIENTE -- 1971162

NRO PRESCRIPCIÓN -- 20190727166013423698

PACIENTE -- 28228459

NRO PRESCRIPCIÓN -- 20190704122012939750

PACIENTE -- 7511673

NRO PRESCRIPCIÓN -- 20190704143012957116

PACIENTE -- 1091365233

NRO PRESCRIPCIÓN -- 20190727197013418790

PACIENTE -- 24308491

NRO PRESCRIPCIÓN -- 20190711170013090353

PACIENTE -- 1091365233

NRO PRESCRIPCIÓN -- 20190727197013418790

PACIENTE -- 30317999

NRO PRESCRIPCIÓN -- 20190705169012983179

PACIENTE -- 1091365233

NRO PRESCRIPCIÓN -- 20190727197013418790

PACIENTE -- 7511673

NRO PRESCRIPCIÓN -- 20190704143012957116

PACIENTE -- 1091365233

NRO PRESCRIPCIÓN -- 20190727197013418790

PACIENTE -- 1092859014

NRO PRESCRIPCIÓN -- 20190724183013348333

PACIENTE -- 4171298

NRO PRESCRIPCIÓN -- 20190625165012786741
Select Id_Departamento FROM Municipio WHERE Codigo='15469'encuentra todos los parametros 

2-

Producto no registrado 2


PACIENTE -- 1091365233

NRO PRESCRIPCIÓN -- 20190727197013418790

PACIENTE -- 24337235

NRO PRESCRIPCIÓN -- 20190711178013101946

PACIENTE -- 7511673

NRO PRESCRIPCIÓN -- 20190704143012957116

PACIENTE -- 1092859014

NRO PRESCRIPCIÓN -- 20190724183013348333

PACIENTE -- 1091365233

NRO PRESCRIPCIÓN -- 20190727197013418790

PACIENTE -- 1091365233

NRO PRESCRIPCIÓN -- 20190727197013418790

PACIENTE -- 1091365233

NRO PRESCRIPCIÓN -- 20190727197013418790

PACIENTE -- 4171298

NRO PRESCRIPCIÓN -- 20190625165012786741
Select Id_Departamento FROM Municipio WHERE Codigo='15469'encuentra todos los parametros 

2-

Producto no registrado 2


PACIENTE -- 30317999

NRO PRESCRIPCIÓN -- 20190705169012983179

PACIENTE -- 1091365233

NRO PRESCRIPCIÓN -- 20190727197013418790

PACIENTE -- 24308491

NRO PRESCRIPCIÓN -- 20190711170013090353

PACIENTE -- 24337235

NRO PRESCRIPCIÓN -- 20190711178013101946
119592,119593,119594,119595,119596,119597,119598,119599,119600,119601,119602,119603,119604,119605,119606,119607,119608,119609,119610,119611,119612,119613,119614,119615,119616,119617,119618,119619,119620,119621,119622,119623,119624,119625,119626,119627,119628,119629,119630,119631,119632,119633,119634,119635,119636,119637,119638,119639,119640,119641,119642,
PACIENTE -- 5703268

NRO PRESCRIPCIÓN -- 20190731151013502606

PACIENTE -- 1052389012

NRO PRESCRIPCIÓN -- 20190731178013505589

PACIENTE -- 1092461861

NRO PRESCRIPCIÓN -- 20190724168013350917

PACIENTE -- 1057331222

NRO PRESCRIPCIÓN -- 20190716185013188012

PACIENTE -- 60321196

NRO PRESCRIPCIÓN -- 20190716190013197467

PACIENTE -- 13881248

NRO PRESCRIPCIÓN -- 20190731180013493752

PACIENTE -- 28455974

NRO PRESCRIPCIÓN -- 20190731197013504490

PACIENTE -- 37651555

NRO PRESCRIPCIÓN -- 20190731163013495364

PACIENTE -- 2020130

NRO PRESCRIPCIÓN -- 20190731164013505210

PACIENTE -- 24810803

NRO PRESCRIPCIÓN -- 20190704179012942782

PACIENTE -- 1221484

NRO PRESCRIPCIÓN -- 20190716110013194229

PACIENTE -- 60382522

NRO PRESCRIPCIÓN -- 20190722196013309566

PACIENTE -- 5720689

NRO PRESCRIPCIÓN -- 20190730197013466458

PACIENTE -- 1052389012

NRO PRESCRIPCIÓN -- 20190731178013505589

PACIENTE -- 28213174

NRO PRESCRIPCIÓN -- 20190731129013500295

PACIENTE -- 63352154

NRO PRESCRIPCIÓN -- 20190731142013503694

PACIENTE -- 77154719

NRO PRESCRIPCIÓN -- 20190730107013475145

PACIENTE -- 13770012

NRO PRESCRIPCIÓN -- 20190521193012115746
Select Id_Departamento FROM Municipio WHERE Codigo='68615'encuentra todos los parametros 

entra a crear materiales el tecnologias asociadas  
20108845

Producto no registrado 20108845


PACIENTE -- 1032099321

NRO PRESCRIPCIÓN -- 20190717157013217886
Select Id_Departamento FROM Municipio WHERE Codigo='17001'encuentra todos los parametros 

entra a crear materiales el tecnologias asociadas  
4

Producto no registrado 04


PACIENTE -- 27932958

NRO PRESCRIPCIÓN -- 20190731137013498989

PACIENTE -- 24815397

NRO PRESCRIPCIÓN -- 20190708194013020330

PACIENTE -- 23555867

NRO PRESCRIPCIÓN -- 20190731199013490355

El paciente 23555867 no está creado en sigespro.

PACIENTE -- 26248413

NRO PRESCRIPCIÓN -- 20190731185013508514

PACIENTE -- 63355577

NRO PRESCRIPCIÓN -- 20190731136013501448

PACIENTE -- 60400621

NRO PRESCRIPCIÓN -- 20190722142013308749

PACIENTE -- 1057331222

NRO PRESCRIPCIÓN -- 20190716185013188012

PACIENTE -- 91474343

NRO PRESCRIPCIÓN -- 20190730136013473347

El paciente 91474343 no está creado en sigespro.

PACIENTE -- 1057331222

NRO PRESCRIPCIÓN -- 20190716185013188012

PACIENTE -- 63485199

NRO PRESCRIPCIÓN -- 20190731172013491009

PACIENTE -- 6212057

NRO PRESCRIPCIÓN -- 20190704164012947298
Select Id_Departamento FROM Municipio WHERE Codigo='63001'encuentra todos los parametros 

2-

Producto no registrado 2


PACIENTE -- 28213174

NRO PRESCRIPCIÓN -- 20190731129013500295

PACIENTE -- 37933921

NRO PRESCRIPCIÓN -- 20190731163013495956

PACIENTE -- 28213174

NRO PRESCRIPCIÓN -- 20190731159013500411

PACIENTE -- 10256191

NRO PRESCRIPCIÓN -- 20190712119013119278
Select Id_Departamento FROM Municipio WHERE Codigo='17001'encuentra todos los parametros 

entra a crear materiales el tecnologias asociadas  
20082529

Producto no registrado 20082529


PACIENTE -- 26147750

NRO PRESCRIPCIÓN -- 20190724136013342578

El paciente 26147750 no está creado en sigespro.

PACIENTE -- 60276556

NRO PRESCRIPCIÓN -- 20190622128012761767

PACIENTE -- 1102388480

NRO PRESCRIPCIÓN -- 20190731151013488289

PACIENTE -- 63440821

NRO PRESCRIPCIÓN -- 20190731182013507175

PACIENTE -- 7131020

NRO PRESCRIPCIÓN -- 20190730114013472258

PACIENTE -- 20953660

NRO PRESCRIPCIÓN -- 20190719151013274139
Select Id_Departamento FROM Municipio WHERE Codigo='54001'encuentra todos los parametros 

entra a crear materiales el tecnologias asociadas  
4

Producto no registrado 04


PACIENTE -- 37278143

NRO PRESCRIPCIÓN -- 20190723179013332246

PACIENTE -- 4464651

NRO PRESCRIPCIÓN -- 20190724117013363049
Select Id_Departamento FROM Municipio WHERE Codigo='63001'encuentra todos los parametros 

entra a crear materiales el tecnologias asociadas  
4

Producto no registrado 04


PACIENTE -- 37319883

NRO PRESCRIPCIÓN -- 20190716171013192405

PACIENTE -- 2020130

NRO PRESCRIPCIÓN -- 20190731164013505210

PACIENTE -- 28455974

NRO PRESCRIPCIÓN -- 20190731197013504490

PACIENTE -- 63352154

NRO PRESCRIPCIÓN -- 20190731142013503694

PACIENTE -- 28213174

NRO PRESCRIPCIÓN -- 20190731159013500411

PACIENTE -- 60382522

NRO PRESCRIPCIÓN -- 20190722196013309566

PACIENTE -- 23555867

NRO PRESCRIPCIÓN -- 20190731199013490355

El paciente 23555867 no está creado en sigespro.

PACIENTE -- 1057331222

NRO PRESCRIPCIÓN -- 20190716185013188012

PACIENTE -- 28455974

NRO PRESCRIPCIÓN -- 20190731197013504490

PACIENTE -- 37933921

NRO PRESCRIPCIÓN -- 20190731163013495956

PACIENTE -- 28213174

NRO PRESCRIPCIÓN -- 20190731129013500295

PACIENTE -- 5703268

NRO PRESCRIPCIÓN -- 20190731151013502606

PACIENTE -- 77154719

NRO PRESCRIPCIÓN -- 20190730107013475145

PACIENTE -- 1057331222

NRO PRESCRIPCIÓN -- 20190716185013188012

PACIENTE -- 1032099321

NRO PRESCRIPCIÓN -- 20190717157013217886
Select Id_Departamento FROM Municipio WHERE Codigo='17001'encuentra todos los parametros 

entra a crear materiales el tecnologias asociadas  
4

Producto no registrado 04


PACIENTE -- 24804394

NRO PRESCRIPCIÓN -- 20190627192012832352

PACIENTE -- 1221484

NRO PRESCRIPCIÓN -- 20190716110013194229

PACIENTE -- 1052389012

NRO PRESCRIPCIÓN -- 20190731178013505589

PACIENTE -- 6212057

NRO PRESCRIPCIÓN -- 20190704164012947298
Select Id_Departamento FROM Municipio WHERE Codigo='63001'encuentra todos los parametros 

2-

Producto no registrado 2


PACIENTE -- 60321196

NRO PRESCRIPCIÓN -- 20190716190013197467

PACIENTE -- 13881248

NRO PRESCRIPCIÓN -- 20190731180013493752

PACIENTE -- 24815397

NRO PRESCRIPCIÓN -- 20190708194013020330

PACIENTE -- 63485199

NRO PRESCRIPCIÓN -- 20190731172013491009

PACIENTE -- 5720689

NRO PRESCRIPCIÓN -- 20190730197013466458

PACIENTE -- 28455974

NRO PRESCRIPCIÓN -- 20190731197013504490

PACIENTE -- 91474343

NRO PRESCRIPCIÓN -- 20190730136013473347

El paciente 91474343 no está creado en sigespro.

PACIENTE -- 37278143

NRO PRESCRIPCIÓN -- 20190723179013332246

PACIENTE -- 2020130

NRO PRESCRIPCIÓN -- 20190731164013505210

PACIENTE -- 27932958

NRO PRESCRIPCIÓN -- 20190731137013498989

PACIENTE -- 1092461861

NRO PRESCRIPCIÓN -- 20190724168013350917

PACIENTE -- 63440821

NRO PRESCRIPCIÓN -- 20190731182013507175

PACIENTE -- 1052389012

NRO PRESCRIPCIÓN -- 20190731178013505589

PACIENTE -- 4464651

NRO PRESCRIPCIÓN -- 20190724117013363049
Select Id_Departamento FROM Municipio WHERE Codigo='63001'encuentra todos los parametros 

entra a crear materiales el tecnologias asociadas  
4

Producto no registrado 04


PACIENTE -- 26248413

NRO PRESCRIPCIÓN -- 20190731185013508514

PACIENTE -- 2020130

NRO PRESCRIPCIÓN -- 20190731164013505210

PACIENTE -- 37651555

NRO PRESCRIPCIÓN -- 20190731163013495364

PACIENTE -- 13770012

NRO PRESCRIPCIÓN -- 20190521193012115746
Select Id_Departamento FROM Municipio WHERE Codigo='68615'encuentra todos los parametros 

entra a crear materiales el tecnologias asociadas  
20108845

Producto no registrado 20108845


PACIENTE -- 28213174

NRO PRESCRIPCIÓN -- 20190731129013500295

PACIENTE -- 63355577

NRO PRESCRIPCIÓN -- 20190731136013501448

PACIENTE -- 10256191

NRO PRESCRIPCIÓN -- 20190712119013119278
Select Id_Departamento FROM Municipio WHERE Codigo='17001'encuentra todos los parametros 

entra a crear materiales el tecnologias asociadas  
20082529

Producto no registrado 20082529


PACIENTE -- 1102388480

NRO PRESCRIPCIÓN -- 20190731151013488289

PACIENTE -- 1057331222

NRO PRESCRIPCIÓN -- 20190716185013188012

PACIENTE -- 7131020

NRO PRESCRIPCIÓN -- 20190730114013472258

PACIENTE -- 2020130

NRO PRESCRIPCIÓN -- 20190731164013505210

PACIENTE -- 6212057

NRO PRESCRIPCIÓN -- 20190704164012947298
Select Id_Departamento FROM Municipio WHERE Codigo='63001'encuentra todos los parametros 

2-

Producto no registrado 2


PACIENTE -- 1102388480

NRO PRESCRIPCIÓN -- 20190731151013488289

PACIENTE -- 60382522

NRO PRESCRIPCIÓN -- 20190722196013309566

PACIENTE -- 1057331222

NRO PRESCRIPCIÓN -- 20190716185013188012

PACIENTE -- 63352154

NRO PRESCRIPCIÓN -- 20190731142013503694

PACIENTE -- 91474343

NRO PRESCRIPCIÓN -- 20190730136013473347

El paciente 91474343 no está creado en sigespro.

PACIENTE -- 1052389012

NRO PRESCRIPCIÓN -- 20190731178013505589

PACIENTE -- 1092461861

NRO PRESCRIPCIÓN -- 20190724168013350917

PACIENTE -- 13770012

NRO PRESCRIPCIÓN -- 20190521193012115746
Select Id_Departamento FROM Municipio WHERE Codigo='68615'encuentra todos los parametros 

entra a crear materiales el tecnologias asociadas  
20108845

Producto no registrado 20108845


PACIENTE -- 5703268

NRO PRESCRIPCIÓN -- 20190731151013502606

PACIENTE -- 10256191

NRO PRESCRIPCIÓN -- 20190712119013119278
Select Id_Departamento FROM Municipio WHERE Codigo='17001'encuentra todos los parametros 

entra a crear materiales el tecnologias asociadas  
20082529

Producto no registrado 20082529


PACIENTE -- 63355577

NRO PRESCRIPCIÓN -- 20190731136013501448

PACIENTE -- 5720689

NRO PRESCRIPCIÓN -- 20190730197013466458

PACIENTE -- 26248413

NRO PRESCRIPCIÓN -- 20190731185013508514

PACIENTE -- 60321196

NRO PRESCRIPCIÓN -- 20190716190013197467

PACIENTE -- 1052389012

NRO PRESCRIPCIÓN -- 20190731178013505589

PACIENTE -- 63440821

NRO PRESCRIPCIÓN -- 20190731182013507175

PACIENTE -- 63485199

NRO PRESCRIPCIÓN -- 20190731172013491009

PACIENTE -- 37933921

NRO PRESCRIPCIÓN -- 20190731163013495956

PACIENTE -- 28455974

NRO PRESCRIPCIÓN -- 20190731197013504490

PACIENTE -- 27932958

NRO PRESCRIPCIÓN -- 20190731137013498989

PACIENTE -- 28455974

NRO PRESCRIPCIÓN -- 20190731197013504490

PACIENTE -- 1057331222

NRO PRESCRIPCIÓN -- 20190716185013188012

PACIENTE -- 24804394

NRO PRESCRIPCIÓN -- 20190627192012832352

PACIENTE -- 1057331222

NRO PRESCRIPCIÓN -- 20190716185013188012

PACIENTE -- 2020130

NRO PRESCRIPCIÓN -- 20190731164013505210

PACIENTE -- 4464651

NRO PRESCRIPCIÓN -- 20190724117013363049
Select Id_Departamento FROM Municipio WHERE Codigo='63001'encuentra todos los parametros 

entra a crear materiales el tecnologias asociadas  
4

Producto no registrado 04


PACIENTE -- 37651555

NRO PRESCRIPCIÓN -- 20190731163013495364

PACIENTE -- 1221484

NRO PRESCRIPCIÓN -- 20190716110013194229

PACIENTE -- 23555867

NRO PRESCRIPCIÓN -- 20190731199013490355

El paciente 23555867 no está creado en sigespro.

PACIENTE -- 7131020

NRO PRESCRIPCIÓN -- 20190730114013472258

PACIENTE -- 13881248

NRO PRESCRIPCIÓN -- 20190731180013493752

PACIENTE -- 37278143

NRO PRESCRIPCIÓN -- 20190723179013332246

PACIENTE -- 24815397

NRO PRESCRIPCIÓN -- 20190708194013020330

PACIENTE -- 60400621

NRO PRESCRIPCIÓN -- 20190722142013308749

PACIENTE -- 1032099321

NRO PRESCRIPCIÓN -- 20190717157013217886
Select Id_Departamento FROM Municipio WHERE Codigo='17001'encuentra todos los parametros 

entra a crear materiales el tecnologias asociadas  
4

Producto no registrado 04


PACIENTE -- 77154719

NRO PRESCRIPCIÓN -- 20190730107013475145

PACIENTE -- 6212057

NRO PRESCRIPCIÓN -- 20190704164012947298
Select Id_Departamento FROM Municipio WHERE Codigo='63001'encuentra todos los parametros 

2-

Producto no registrado 2


PACIENTE -- 1057331222

NRO PRESCRIPCIÓN -- 20190716185013188012

PACIENTE -- 37933921

NRO PRESCRIPCIÓN -- 20190731163013495956

PACIENTE -- 2020130

NRO PRESCRIPCIÓN -- 20190731164013505210

PACIENTE -- 1057331222

NRO PRESCRIPCIÓN -- 20190716185013188012

PACIENTE -- 1221484

NRO PRESCRIPCIÓN -- 20190716110013194229

PACIENTE -- 28455974

NRO PRESCRIPCIÓN -- 20190731197013504490

PACIENTE -- 2020130

NRO PRESCRIPCIÓN -- 20190731164013505210

PACIENTE -- 28455974

NRO PRESCRIPCIÓN -- 20190731197013504490

PACIENTE -- 63355577

NRO PRESCRIPCIÓN -- 20190731136013501448

PACIENTE -- 5703268

NRO PRESCRIPCIÓN -- 20190731151013502606

PACIENTE -- 1102388480

NRO PRESCRIPCIÓN -- 20190731151013488289

PACIENTE -- 5720689

NRO PRESCRIPCIÓN -- 20190730197013466458

PACIENTE -- 1057331222

NRO PRESCRIPCIÓN -- 20190716185013188012

PACIENTE -- 1102388480

NRO PRESCRIPCIÓN -- 20190731151013488289

PACIENTE -- 5720689

NRO PRESCRIPCIÓN -- 20190730197013466458

PACIENTE -- 37933921

NRO PRESCRIPCIÓN -- 20190731163013495956

PACIENTE -- 1221484

NRO PRESCRIPCIÓN -- 20190716110013194229

PACIENTE -- 6212057

NRO PRESCRIPCIÓN -- 20190704164012947298
Select Id_Departamento FROM Municipio WHERE Codigo='63001'encuentra todos los parametros 

2-

Producto no registrado 2


PACIENTE -- 2020130

NRO PRESCRIPCIÓN -- 20190731164013505210

PACIENTE -- 2020130

NRO PRESCRIPCIÓN -- 20190731164013505210

PACIENTE -- 5720689

NRO PRESCRIPCIÓN -- 20190730197013466458

PACIENTE -- 2020130

NRO PRESCRIPCIÓN -- 20190731164013505210

PACIENTE -- 1102388480

NRO PRESCRIPCIÓN -- 20190731151013488289

PACIENTE -- 1221484

NRO PRESCRIPCIÓN -- 20190716110013194229

PACIENTE -- 37933921

NRO PRESCRIPCIÓN -- 20190731163013495956

PACIENTE -- 6212057

NRO PRESCRIPCIÓN -- 20190704164012947298
Select Id_Departamento FROM Municipio WHERE Codigo='63001'encuentra todos los parametros 

2-

Producto no registrado 2


PACIENTE -- 2020130

NRO PRESCRIPCIÓN -- 20190731164013505210
119643,119644,119645,119646,119647,119648,119649,119650,119651,119652,119653,119654,119655,119656,119657,119658,119659,119660,119661,